[187.200307846] 2017-12-02 08:35:48,674 - INFO - launcher: Starting sanity checks
[187.200307846] 2017-12-02 08:35:48,674 - INFO - launcher: Checking for python 3.5+
[187.200307846] 2017-12-02 08:35:48,674 - INFO - launcher: Checking console encoding
[187.200307846] 2017-12-02 08:35:48,674 - INFO - launcher: Setting console encoding to UTF-8
[187.200307846] 2017-12-02 08:35:48,674 - INFO - launcher: Ensuring we're in the right folder
[187.200307846] 2017-12-02 08:35:48,674 - INFO - launcher: Adding local bins/ folder to path
[187.200307846] 2017-12-02 08:35:48,674 - INFO - launcher: Checks passed.

######################### PRE-RUN SANITY CHECKS PASSED #########################

[3.4204063415527344] 2017-12-02 08:35:51,907 - DEBUG - musicbot.config | In config.py::MainThread(4156), line 254 in find_autoplaylist: Copying _autoplaylist.txt to autoplaylist.txt
[3.4204063415527344] 2017-12-02 08:35:51,907 - INFO - musicbot.permissions | In permissions.py::MainThread(4156), line 34 in __init__: Permissions file not found, copying example_permissions.ini
[4.0912075042724609] 2017-12-02 08:35:52,578 - DEBUG - musicbot.bot | In bot.py::MainThread(4156), line 203 in _setup_logging: Set logging level to INFO
[4.0912075042724609] 2017-12-02 08:35:52,578 - INFO - musicbot.bot | In bot.py::MainThread(4156), line 76 in __init__: Loaded autoplaylist with 2531 entries
[4.091207504] launcher-INFO: Connecting
[7.5204246044158936] 2017-12-02 08:35:56,007 - DEBUG - musicbot.bot | In bot.py::MainThread(4156), line 993 in on_ready: Connection established, ready to go.
[7.5204246044158936] 2017-12-02 08:35:56,007 - DEBUG - musicbot.bot | In bot.py::MainThread(4156), line 314 in _cache_app_info: Caching app info
[7.7856252193450928] 2017-12-02 08:35:56,272 - DEBUG - musicbot.bot | In bot.py::MainThread(4156), line 810 in _scheck_ensure_env: Ensuring data folders exist
[7.7856252193450928] 2017-12-02 08:35:56,272 - DEBUG - musicbot.bot | In bot.py::MainThread(4156), line 826 in _scheck_server_permissions: Checking server permissions
[7.7856252193450928] 2017-12-02 08:35:56,272 - DEBUG - musicbot.bot | In bot.py::MainThread(4156), line 830 in _scheck_autoplaylist: Auditing autoplaylist
[7.7856252193450928] 2017-12-02 08:35:56,272 - DEBUG - musicbot.bot | In bot.py::MainThread(4156), line 834 in _scheck_configs: Validating config
[7.7856252193450928] 2017-12-02 08:35:56,272 - DEBUG - musicbot.config | In config.py::MainThread(4156), line 175 in async_validate: Validating options...
[7.7856252193450928] 2017-12-02 08:35:56,272 - DEBUG - musicbot.bot | In bot.py::MainThread(4156), line 837 in _scheck_configs: Validating permissions config
[7.7856252193450928] 2017-12-02 08:35:56,272 - DEBUG - musicbot.permissions | In permissions.py::MainThread(4156), line 59 in async_validate: Validating permissions...
[7.7856252193450928] 2017-12-02 08:35:56,272 - INFO - musicbot.bot | In bot.py::MainThread(4156), line 1004 in on_ready: Connected!  Musicbot v1.9.6

[7.7856252193450928] 2017-12-02 08:35:56,272 - INFO - musicbot.bot | In bot.py::MainThread(4156), line 1014 in on_ready: Bot:   386311534927675412/Achaean#0737 [BOT]
[7.7856252193450928] 2017-12-02 08:35:56,272 - INFO - musicbot.bot | In bot.py::MainThread(4156), line 1022 in on_ready: Owner: 321094747672412163/MLBaran#1810

[7.7856252193450928] 2017-12-02 08:35:56,272 - INFO - musicbot.bot | In bot.py::MainThread(4156), line 1025 in on_ready: Server List:
[7.7856252193450928] 2017-12-02 08:35:56,272 - INFO - musicbot.bot | In bot.py::MainThread(4156), line 1026 in <listcomp>:  - Legit PvP
[7.7856252193450928] 2017-12-02 08:35:56,272 - INFO - musicbot.bot | In bot.py::MainThread(4156), line 1070 in on_ready: Not bound to any text channels
[7.8012249469757080] 2017-12-02 08:35:56,288 - INFO - musicbot.bot | In bot.py::MainThread(4156), line 1096 in on_ready: Not autojoining any voice channels
[7.8012249469757080] 2017-12-02 08:35:56,288 - INFO - musicbot.bot | In bot.py::MainThread(4156), line 1100 in on_ready: Options:
[7.8012249469757080] 2017-12-02 08:35:56,288 - INFO - musicbot.bot | In bot.py::MainThread(4156), line 1102 in on_ready:   Command prefix: !
[7.8012249469757080] 2017-12-02 08:35:56,288 - INFO - musicbot.bot | In bot.py::MainThread(4156), line 1103 in on_ready:   Default volume: 25%
[7.8012249469757080] 2017-12-02 08:35:56,288 - INFO - musicbot.bot | In bot.py::MainThread(4156), line 1105 in on_ready:   Skip threshold: 4 votes or 50%
[7.8012249469757080] 2017-12-02 08:35:56,288 - INFO - musicbot.bot | In bot.py::MainThread(4156), line 1106 in on_ready:   Now Playing @mentions: Disabled
[7.8012249469757080] 2017-12-02 08:35:56,288 - INFO - musicbot.bot | In bot.py::MainThread(4156), line 1107 in on_ready:   Auto-Summon: Enabled
[7.8012249469757080] 2017-12-02 08:35:56,288 - INFO - musicbot.bot | In bot.py::MainThread(4156), line 1108 in on_ready:   Auto-Playlist: Disabled
[7.8012249469757080] 2017-12-02 08:35:56,288 - INFO - musicbot.bot | In bot.py::MainThread(4156), line 1109 in on_ready:   Auto-Pause: Enabled
[7.8012249469757080] 2017-12-02 08:35:56,288 - INFO - musicbot.bot | In bot.py::MainThread(4156), line 1110 in on_ready:   Delete Messages: Enabled
[7.8012249469757080] 2017-12-02 08:35:56,288 - INFO - musicbot.bot | In bot.py::MainThread(4156), line 1112 in on_ready:     Delete Invoking: Disabled
[7.8012249469757080] 2017-12-02 08:35:56,288 - INFO - musicbot.bot | In bot.py::MainThread(4156), line 1113 in on_ready:   Debug Mode: Disabled
[7.8168251514434814] 2017-12-02 08:35:56,303 - INFO - musicbot.bot | In bot.py::MainThread(4156), line 1114 in on_ready:   Downloaded songs will be saved
[228.0686838626861572] 2017-12-02 08:39:36,555 - VOICEDEBUG - musicbot.bot | In bot.py::MainThread(4156), line 2528 in on_voice_state_update: Voice state update for 321094747672412163/MLBaran#1810 on Legit PvP/General -> [CONNECT, MUTE]
[230.7128348350524902] 2017-12-02 08:39:39,199 - INFO - musicbot.bot | In bot.py::MainThread(4156), line 2359 in on_message: 321094747672412163/MLBaran#1810: !summon
[230.7148351669311523] 2017-12-02 08:39:39,201 - INFO - musicbot.bot | In bot.py::MainThread(4156), line 1769 in cmd_summon: Joining Legit PvP/General
[230.7158353328704834] 2017-12-02 08:39:39,202 - DEBUG - musicbot.bot | In bot.py::MainThread(4156), line 427 in get_voice_client: Connection attempt 1 to General
[230.7158353328704834] 2017-12-02 08:39:39,202 - VOICEDEBUG - musicbot.bot | In bot.py::MainThread(4156), line 366 in join_voice_channel: (join_voice_channel) creating futures
[230.7168354988098145] 2017-12-02 08:39:39,203 - VOICEDEBUG - musicbot.bot | In bot.py::MainThread(4156), line 372 in join_voice_channel: (join_voice_channel) setting voice state
[230.7168354988098145] 2017-12-02 08:39:39,203 - VOICEDEBUG - musicbot.bot | In bot.py::MainThread(4156), line 375 in join_voice_channel: (join_voice_channel) waiting for session id
[230.9978511333465576] 2017-12-02 08:39:39,484 - VOICEDEBUG - musicbot.bot | In bot.py::MainThread(4156), line 2528 in on_voice_state_update: Voice state update for 386311534927675412/Achaean#0737 on Legit PvP/General -> [JOIN, CONNECT]
[230.9978511333465576] 2017-12-02 08:39:39,484 - INFO - musicbot.bot | In bot.py::MainThread(4156), line 2539 in on_voice_state_update: 386311534927675412/Achaean#0737 has joined Legit PvP/General
[230.9998514652252197] 2017-12-02 08:39:39,486 - VOICEDEBUG - musicbot.bot | In bot.py::MainThread(4156), line 379 in join_voice_channel: (join_voice_channel) waiting for voice data
[231.2258644104003906] 2017-12-02 08:39:39,712 - VOICEDEBUG - musicbot.bot | In bot.py::MainThread(4156), line 393 in join_voice_channel: (join_voice_channel) connecting...
[231.5208811759948730] 2017-12-02 08:39:40,007 - VOICEDEBUG - musicbot.bot | In bot.py::MainThread(4156), line 405 in join_voice_channel: (join_voice_channel) connection successful
[231.5208811759948730] 2017-12-02 08:39:40,007 - DEBUG - musicbot.bot | In bot.py::MainThread(4156), line 453 in get_voice_client: Connected in 0.8s
[231.5218811035156250] 2017-12-02 08:39:40,008 - INFO - musicbot.bot | In bot.py::MainThread(4156), line 454 in get_voice_client: Connected to Legit PvP/General
[231.5248816013336182] 2017-12-02 08:39:40,011 - VOICEDEBUG - musicbot.player | In player.py::MainThread(4156), line 311 in websocket_check: Starting websocket check loop for Legit PvP
[236.3271560668945312] 2017-12-02 08:39:44,814 - INFO - musicbot.bot | In bot.py::MainThread(4156), line 2359 in on_message: 321094747672412163/MLBaran#1810: !play lol
[243.9175903797149658] 2017-12-02 08:39:52,404 - DEBUG - musicbot.bot | In bot.py::MainThread(4156), line 763 in serialize_queue: Serializing queue for 382689005138870282
[243.9215905666351318] 2017-12-02 08:39:52,408 - INFO - musicbot.entry | In entry.py::MainThread(4156), line 219 in _really_download: Download started: https://www.youtube.com/watch?v=jIN31-hpZCM
[320.9209947586059570] 2017-12-02 08:41:09,407 - INFO - musicbot.entry | In entry.py::MainThread(4156), line 226 in _really_download: Download complete: https://www.youtube.com/watch?v=jIN31-hpZCM
[320.9419958591461182] 2017-12-02 08:41:09,428 - FFMPEG - musicbot.player | In player.py::MainThread(4156), line 268 in _play: Creating player with options: -nostdin -vn audio_cache\youtube-jIN31-hpZCM-One_shot_-_LoL_Funny_Stream_Moments_85_League_of_Legends.webm
[321.0720033645629883] 2017-12-02 08:41:09,558 - DEBUG - musicbot.bot | In bot.py::MainThread(4156), line 763 in serialize_queue: Serializing queue for 382689005138870282
[327.9373958110809326] 2017-12-02 08:41:16,424 - VOICEDEBUG - musicbot.bot | In bot.py::MainThread(4156), line 2528 in on_voice_state_update: Voice state update for 321094747672412163/MLBaran#1810 on Legit PvP/General -> [LEAVE, DISCONNECT]
[327.9383959770202637] 2017-12-02 08:41:16,425 - INFO - musicbot.bot | In bot.py::MainThread(4156), line 2539 in on_voice_state_update: 321094747672412163/MLBaran#1810 has left Legit PvP/General
[327.9413962364196777] 2017-12-02 08:41:16,428 - INFO - musicbot.bot | In bot.py::MainThread(4156), line 2577 in on_voice_state_update: Pausing in Legit PvP/General (empty channel)
[332.5586602687835693] 2017-12-02 08:41:21,045 - INFO - musicbot.bot | In bot.py::MainThread(4156), line 2359 in on_message: 321094747672412163/MLBaran#1810: !clear
[341.3561635017395020] 2017-12-02 08:41:29,843 - INFO - musicbot.bot | In bot.py::MainThread(4156), line 2359 in on_message: 321094747672412163/MLBaran#1810: !help
[365.1325232982635498] 2017-12-02 08:41:53,619 - INFO - musicbot.bot | In bot.py::MainThread(4156), line 2359 in on_message: 321094747672412163/MLBaran#1810: !shuffle
